2025-04-03 00:13:04,092 - INFO - Starting XRP data collection process...
2025-04-03 00:13:04,093 - INFO - Found 7 days with missing data: [datetime.date(2025, 4, 3), datetime.date(2025, 4, 2), datetime.date(2025, 4, 1), datetime.date(2025, 3, 31), datetime.date(2025, 3, 30), datetime.date(2025, 3, 29), datetime.date(2025, 3, 28)]
2025-04-03 00:13:04,093 - INFO - Processing data for 2025-04-03...
2025-04-03 00:13:04,093 - INFO - Attempting to download daily data from: https://data.binance.vision/data/spot/daily/klines/XRPUSDT/1m/XRPUSDT-1m-2025-04-03.zip
2025-04-03 00:13:04,581 - INFO - Daily data file not found (404), trying monthly data...
2025-04-03 00:13:04,581 - INFO - Attempting to download monthly data from: https://data.binance.vision/data/spot/monthly/klines/XRPUSDT/1m/XRPUSDT-1m-2025-04.zip
2025-04-03 00:13:05,075 - WARNING - Error retrieving monthly data: 404 Client Error: Not Found for url: https://data.binance.vision/data/spot/monthly/klines/XRPUSDT/1m/XRPUSDT-1m-2025-04.zip. Retrying (1/3)...
2025-04-03 00:13:08,577 - WARNING - Error retrieving monthly data: 404 Client Error: Not Found for url: https://data.binance.vision/data/spot/monthly/klines/XRPUSDT/1m/XRPUSDT-1m-2025-04.zip. Retrying (2/3)...
2025-04-03 00:13:12,123 - ERROR - Maximum retries reached for monthly data. Error: 404 Client Error: Not Found for url: https://data.binance.vision/data/spot/monthly/klines/XRPUSDT/1m/XRPUSDT-1m-2025-04.zip
2025-04-03 00:13:12,123 - WARNING - No data retrieved for 2025-04-03
2025-04-03 00:13:13,124 - INFO - Processing data for 2025-04-02...
2025-04-03 00:13:13,124 - INFO - Attempting to download daily data from: https://data.binance.vision/data/spot/daily/klines/XRPUSDT/1m/XRPUSDT-1m-2025-04-02.zip
2025-04-03 00:13:13,598 - INFO - Daily data file not found (404), trying monthly data...
2025-04-03 00:13:13,598 - INFO - Attempting to download monthly data from: https://data.binance.vision/data/spot/monthly/klines/XRPUSDT/1m/XRPUSDT-1m-2025-04.zip
2025-04-03 00:13:14,067 - WARNING - Error retrieving monthly data: 404 Client Error: Not Found for url: https://data.binance.vision/data/spot/monthly/klines/XRPUSDT/1m/XRPUSDT-1m-2025-04.zip. Retrying (1/3)...
2025-04-03 00:13:17,548 - WARNING - Error retrieving monthly data: 404 Client Error: Not Found for url: https://data.binance.vision/data/spot/monthly/klines/XRPUSDT/1m/XRPUSDT-1m-2025-04.zip. Retrying (2/3)...
2025-04-03 00:13:21,024 - ERROR - Maximum retries reached for monthly data. Error: 404 Client Error: Not Found for url: https://data.binance.vision/data/spot/monthly/klines/XRPUSDT/1m/XRPUSDT-1m-2025-04.zip
2025-04-03 00:13:21,025 - WARNING - No data retrieved for 2025-04-02
2025-04-03 00:13:22,025 - INFO - Processing data for 2025-04-01...
2025-04-03 00:13:22,025 - INFO - Attempting to download daily data from: https://data.binance.vision/data/spot/daily/klines/XRPUSDT/1m/XRPUSDT-1m-2025-04-01.zip
2025-04-03 00:13:22,678 - INFO - Downloaded daily data successfully for 2025-04-01
2025-04-03 00:13:22,696 - INFO - Daily data saved to ./data/xrp_binance/xrp_binance_minute_20250401.csv
2025-04-03 00:13:22,696 - INFO - Creating new combined file with 1440 records
2025-04-03 00:13:22,709 - INFO - Combined file saved with 1440 total records
2025-04-03 00:13:22,709 - INFO - Successfully processed 1440 records for 2025-04-01
2025-04-03 00:13:23,711 - INFO - Processing data for 2025-03-31...
2025-04-03 00:13:23,711 - INFO - Attempting to download daily data from: https://data.binance.vision/data/spot/daily/klines/XRPUSDT/1m/XRPUSDT-1m-2025-03-31.zip
2025-04-03 00:13:24,374 - INFO - Downloaded daily data successfully for 2025-03-31
2025-04-03 00:13:24,393 - INFO - Daily data saved to ./data/xrp_binance/xrp_binance_minute_20250331.csv
2025-04-03 00:13:24,398 - INFO - No new records to add to combined file
2025-04-03 00:13:24,411 - INFO - Combined file saved with 1440 total records
2025-04-03 00:13:24,411 - INFO - Successfully processed 1440 records for 2025-03-31
2025-04-03 00:13:25,411 - INFO - Processing data for 2025-03-30...
2025-04-03 00:13:25,411 - INFO - Attempting to download daily data from: https://data.binance.vision/data/spot/daily/klines/XRPUSDT/1m/XRPUSDT-1m-2025-03-30.zip
2025-04-03 00:13:26,062 - INFO - Downloaded daily data successfully for 2025-03-30
2025-04-03 00:13:26,079 - INFO - Daily data saved to ./data/xrp_binance/xrp_binance_minute_20250330.csv
2025-04-03 00:13:26,084 - INFO - No new records to add to combined file
2025-04-03 00:13:26,109 - INFO - Combined file saved with 1440 total records
2025-04-03 00:13:26,109 - INFO - Successfully processed 1440 records for 2025-03-30
2025-04-03 00:13:27,110 - INFO - Processing data for 2025-03-29...
2025-04-03 00:13:27,111 - INFO - Attempting to download daily data from: https://data.binance.vision/data/spot/daily/klines/XRPUSDT/1m/XRPUSDT-1m-2025-03-29.zip
2025-04-03 00:13:27,913 - INFO - Downloaded daily data successfully for 2025-03-29
2025-04-03 00:13:27,928 - INFO - Daily data saved to ./data/xrp_binance/xrp_binance_minute_20250329.csv
2025-04-03 00:13:27,932 - INFO - No new records to add to combined file
2025-04-03 00:13:27,946 - INFO - Combined file saved with 1440 total records
2025-04-03 00:13:27,946 - INFO - Successfully processed 1440 records for 2025-03-29
2025-04-03 00:13:28,947 - INFO - Processing data for 2025-03-28...
2025-04-03 00:13:28,947 - INFO - Attempting to download daily data from: https://data.binance.vision/data/spot/daily/klines/XRPUSDT/1m/XRPUSDT-1m-2025-03-28.zip
2025-04-03 00:13:29,638 - INFO - Downloaded daily data successfully for 2025-03-28
2025-04-03 00:13:29,653 - INFO - Daily data saved to ./data/xrp_binance/xrp_binance_minute_20250328.csv
2025-04-03 00:13:29,658 - INFO - No new records to add to combined file
2025-04-03 00:13:29,671 - INFO - Combined file saved with 1440 total records
2025-04-03 00:13:29,672 - INFO - Successfully processed 1440 records for 2025-03-28
2025-04-03 00:13:30,672 - INFO - Data collection summary: 5 dates successful, 2 dates failed
2025-04-03 00:13:30,672 - INFO - Data collection process completed successfully!
2025-04-03 00:18:35,543 - INFO - Starting XRP data collection process...
2025-04-03 00:18:35,543 - INFO - Found 7 days with missing data: [datetime.date(2025, 4, 3), datetime.date(2025, 4, 2), datetime.date(2025, 4, 1), datetime.date(2025, 3, 31), datetime.date(2025, 3, 30), datetime.date(2025, 3, 29), datetime.date(2025, 3, 28)]
2025-04-03 00:18:35,543 - INFO - Processing data for 2025-04-03...
2025-04-03 00:18:35,543 - INFO - Attempting to download daily data from: https://data.binance.vision/data/spot/daily/klines/XRPUSDT/1m/XRPUSDT-1m-2025-04-03.zip
2025-04-03 00:18:36,046 - INFO - Daily data file not found (404), trying monthly data...
2025-04-03 00:18:36,047 - INFO - Attempting to download monthly data from: https://data.binance.vision/data/spot/monthly/klines/XRPUSDT/1m/XRPUSDT-1m-2025-04.zip
2025-04-03 00:18:36,523 - WARNING - Error retrieving monthly data: 404 Client Error: Not Found for url: https://data.binance.vision/data/spot/monthly/klines/XRPUSDT/1m/XRPUSDT-1m-2025-04.zip. Retrying (1/3)...
2025-04-03 00:18:40,005 - WARNING - Error retrieving monthly data: 404 Client Error: Not Found for url: https://data.binance.vision/data/spot/monthly/klines/XRPUSDT/1m/XRPUSDT-1m-2025-04.zip. Retrying (2/3)...
2025-04-03 00:18:43,498 - ERROR - Maximum retries reached for monthly data. Error: 404 Client Error: Not Found for url: https://data.binance.vision/data/spot/monthly/klines/XRPUSDT/1m/XRPUSDT-1m-2025-04.zip
2025-04-03 00:18:43,498 - WARNING - No data retrieved for 2025-04-03
2025-04-03 00:18:44,499 - INFO - Processing data for 2025-04-02...
2025-04-03 00:18:44,500 - INFO - Attempting to download daily data from: https://data.binance.vision/data/spot/daily/klines/XRPUSDT/1m/XRPUSDT-1m-2025-04-02.zip
2025-04-03 00:18:45,001 - INFO - Daily data file not found (404), trying monthly data...
2025-04-03 00:18:45,001 - INFO - Attempting to download monthly data from: https://data.binance.vision/data/spot/monthly/klines/XRPUSDT/1m/XRPUSDT-1m-2025-04.zip
2025-04-03 00:18:45,466 - WARNING - Error retrieving monthly data: 404 Client Error: Not Found for url: https://data.binance.vision/data/spot/monthly/klines/XRPUSDT/1m/XRPUSDT-1m-2025-04.zip. Retrying (1/3)...
2025-04-03 00:18:48,956 - WARNING - Error retrieving monthly data: 404 Client Error: Not Found for url: https://data.binance.vision/data/spot/monthly/klines/XRPUSDT/1m/XRPUSDT-1m-2025-04.zip. Retrying (2/3)...
2025-04-03 00:18:52,443 - ERROR - Maximum retries reached for monthly data. Error: 404 Client Error: Not Found for url: https://data.binance.vision/data/spot/monthly/klines/XRPUSDT/1m/XRPUSDT-1m-2025-04.zip
2025-04-03 00:18:52,444 - WARNING - No data retrieved for 2025-04-02
2025-04-03 00:18:53,444 - INFO - Processing data for 2025-04-01...
2025-04-03 00:18:53,444 - INFO - Attempting to download daily data from: https://data.binance.vision/data/spot/daily/klines/XRPUSDT/1m/XRPUSDT-1m-2025-04-01.zip
2025-04-03 00:18:54,110 - INFO - Downloaded daily data successfully for 2025-04-01
2025-04-03 00:18:54,128 - INFO - Daily data saved to ./data/xrp_binance/xrp_binance_minute_20250401.csv
2025-04-03 00:18:54,128 - INFO - Creating new combined file with 1440 records
2025-04-03 00:18:54,147 - INFO - Combined file saved with 1440 total records
2025-04-03 00:18:54,147 - INFO - Successfully processed 1440 records for 2025-04-01
2025-04-03 00:18:55,151 - INFO - Processing data for 2025-03-31...
2025-04-03 00:18:55,151 - INFO - Attempting to download daily data from: https://data.binance.vision/data/spot/daily/klines/XRPUSDT/1m/XRPUSDT-1m-2025-03-31.zip
2025-04-03 00:18:55,805 - INFO - Downloaded daily data successfully for 2025-03-31
2025-04-03 00:18:55,822 - INFO - Daily data saved to ./data/xrp_binance/xrp_binance_minute_20250331.csv
2025-04-03 00:18:55,827 - INFO - No new records to add to combined file
2025-04-03 00:18:55,841 - INFO - Combined file saved with 1440 total records
2025-04-03 00:18:55,841 - INFO - Successfully processed 1440 records for 2025-03-31
2025-04-03 00:18:56,842 - INFO - Processing data for 2025-03-30...
2025-04-03 00:18:56,842 - INFO - Attempting to download daily data from: https://data.binance.vision/data/spot/daily/klines/XRPUSDT/1m/XRPUSDT-1m-2025-03-30.zip
2025-04-03 00:18:57,480 - INFO - Downloaded daily data successfully for 2025-03-30
2025-04-03 00:18:57,504 - INFO - Daily data saved to ./data/xrp_binance/xrp_binance_minute_20250330.csv
2025-04-03 00:18:57,510 - INFO - No new records to add to combined file
2025-04-03 00:18:57,525 - INFO - Combined file saved with 1440 total records
2025-04-03 00:18:57,525 - INFO - Successfully processed 1440 records for 2025-03-30
2025-04-03 00:18:58,526 - INFO - Processing data for 2025-03-29...
2025-04-03 00:18:58,526 - INFO - Attempting to download daily data from: https://data.binance.vision/data/spot/daily/klines/XRPUSDT/1m/XRPUSDT-1m-2025-03-29.zip
2025-04-03 00:18:59,181 - INFO - Downloaded daily data successfully for 2025-03-29
2025-04-03 00:18:59,197 - INFO - Daily data saved to ./data/xrp_binance/xrp_binance_minute_20250329.csv
2025-04-03 00:18:59,201 - INFO - No new records to add to combined file
2025-04-03 00:18:59,215 - INFO - Combined file saved with 1440 total records
2025-04-03 00:18:59,215 - INFO - Successfully processed 1440 records for 2025-03-29
2025-04-03 00:19:00,216 - INFO - Processing data for 2025-03-28...
2025-04-03 00:19:00,216 - INFO - Attempting to download daily data from: https://data.binance.vision/data/spot/daily/klines/XRPUSDT/1m/XRPUSDT-1m-2025-03-28.zip
2025-04-03 00:19:00,826 - INFO - Downloaded daily data successfully for 2025-03-28
2025-04-03 00:19:00,844 - INFO - Daily data saved to ./data/xrp_binance/xrp_binance_minute_20250328.csv
2025-04-03 00:19:00,848 - INFO - No new records to add to combined file
2025-04-03 00:19:00,881 - INFO - Combined file saved with 1440 total records
2025-04-03 00:19:00,881 - INFO - Successfully processed 1440 records for 2025-03-28
2025-04-03 00:19:01,881 - INFO - Data collection summary: 5 dates successful, 2 dates failed
2025-04-03 00:19:01,882 - INFO - Data collection process completed successfully!
2025-04-03 00:29:17,812 - INFO - Starting XRP data collection process...
2025-04-03 00:29:17,812 - INFO - Found 7 days with missing data: [datetime.date(2025, 4, 3), datetime.date(2025, 4, 2), datetime.date(2025, 4, 1), datetime.date(2025, 3, 31), datetime.date(2025, 3, 30), datetime.date(2025, 3, 29), datetime.date(2025, 3, 28)]
2025-04-03 00:29:17,812 - INFO - Processing data for 2025-04-03...
2025-04-03 00:29:17,812 - INFO - Attempting to download daily data from: https://data.binance.vision/data/spot/daily/klines/XRPUSDT/1m/XRPUSDT-1m-2025-04-03.zip
2025-04-03 00:29:18,300 - INFO - Daily data file not found (404), trying monthly data...
2025-04-03 00:29:18,301 - INFO - Attempting to download monthly data from: https://data.binance.vision/data/spot/monthly/klines/XRPUSDT/1m/XRPUSDT-1m-2025-04.zip
2025-04-03 00:29:18,842 - WARNING - Error retrieving monthly data: 404 Client Error: Not Found for url: https://data.binance.vision/data/spot/monthly/klines/XRPUSDT/1m/XRPUSDT-1m-2025-04.zip. Retrying (1/3)...
2025-04-03 00:29:22,371 - WARNING - Error retrieving monthly data: 404 Client Error: Not Found for url: https://data.binance.vision/data/spot/monthly/klines/XRPUSDT/1m/XRPUSDT-1m-2025-04.zip. Retrying (2/3)...
2025-04-03 00:29:25,853 - ERROR - Maximum retries reached for monthly data. Error: 404 Client Error: Not Found for url: https://data.binance.vision/data/spot/monthly/klines/XRPUSDT/1m/XRPUSDT-1m-2025-04.zip
2025-04-03 00:29:25,853 - WARNING - No data retrieved for 2025-04-03
2025-04-03 00:29:26,853 - INFO - Processing data for 2025-04-02...
2025-04-03 00:29:26,853 - INFO - Attempting to download daily data from: https://data.binance.vision/data/spot/daily/klines/XRPUSDT/1m/XRPUSDT-1m-2025-04-02.zip
2025-04-03 00:29:27,322 - INFO - Daily data file not found (404), trying monthly data...
2025-04-03 00:29:27,323 - INFO - Attempting to download monthly data from: https://data.binance.vision/data/spot/monthly/klines/XRPUSDT/1m/XRPUSDT-1m-2025-04.zip
2025-04-03 00:29:27,817 - WARNING - Error retrieving monthly data: 404 Client Error: Not Found for url: https://data.binance.vision/data/spot/monthly/klines/XRPUSDT/1m/XRPUSDT-1m-2025-04.zip. Retrying (1/3)...
2025-04-03 00:29:31,292 - WARNING - Error retrieving monthly data: 404 Client Error: Not Found for url: https://data.binance.vision/data/spot/monthly/klines/XRPUSDT/1m/XRPUSDT-1m-2025-04.zip. Retrying (2/3)...
2025-04-03 00:29:34,783 - ERROR - Maximum retries reached for monthly data. Error: 404 Client Error: Not Found for url: https://data.binance.vision/data/spot/monthly/klines/XRPUSDT/1m/XRPUSDT-1m-2025-04.zip
2025-04-03 00:29:34,784 - WARNING - No data retrieved for 2025-04-02
2025-04-03 00:29:35,786 - INFO - Processing data for 2025-04-01...
2025-04-03 00:29:35,787 - INFO - Attempting to download daily data from: https://data.binance.vision/data/spot/daily/klines/XRPUSDT/1m/XRPUSDT-1m-2025-04-01.zip
2025-04-03 00:29:36,606 - INFO - Downloaded daily data successfully for 2025-04-01
2025-04-03 00:29:36,637 - INFO - Daily data saved to ./data/xrp_binance/xrp_binance_minute_20250401.csv
2025-04-03 00:29:36,640 - INFO - Creating new combined file with 1440 records
2025-04-03 00:29:36,656 - INFO - Combined file saved with 1440 total records
2025-04-03 00:29:36,656 - INFO - Successfully processed 1440 records for 2025-04-01
2025-04-03 00:29:37,657 - INFO - Processing data for 2025-03-31...
2025-04-03 00:29:37,657 - INFO - Attempting to download daily data from: https://data.binance.vision/data/spot/daily/klines/XRPUSDT/1m/XRPUSDT-1m-2025-03-31.zip
2025-04-03 00:29:38,316 - INFO - Downloaded daily data successfully for 2025-03-31
2025-04-03 00:29:38,333 - INFO - Daily data saved to ./data/xrp_binance/xrp_binance_minute_20250331.csv
2025-04-03 00:29:38,340 - INFO - No new records to add to combined file
2025-04-03 00:29:38,353 - INFO - Combined file saved with 1440 total records
2025-04-03 00:29:38,353 - INFO - Successfully processed 1440 records for 2025-03-31
2025-04-03 00:29:39,354 - INFO - Processing data for 2025-03-30...
2025-04-03 00:29:39,354 - INFO - Attempting to download daily data from: https://data.binance.vision/data/spot/daily/klines/XRPUSDT/1m/XRPUSDT-1m-2025-03-30.zip
2025-04-03 00:29:40,026 - INFO - Downloaded daily data successfully for 2025-03-30
2025-04-03 00:29:40,042 - INFO - Daily data saved to ./data/xrp_binance/xrp_binance_minute_20250330.csv
2025-04-03 00:29:40,049 - INFO - No new records to add to combined file
2025-04-03 00:29:40,094 - INFO - Combined file saved with 1440 total records
2025-04-03 00:29:40,094 - INFO - Successfully processed 1440 records for 2025-03-30
2025-04-03 00:29:41,095 - INFO - Processing data for 2025-03-29...
2025-04-03 00:29:41,095 - INFO - Attempting to download daily data from: https://data.binance.vision/data/spot/daily/klines/XRPUSDT/1m/XRPUSDT-1m-2025-03-29.zip
2025-04-03 00:29:41,726 - INFO - Downloaded daily data successfully for 2025-03-29
2025-04-03 00:29:41,743 - INFO - Daily data saved to ./data/xrp_binance/xrp_binance_minute_20250329.csv
2025-04-03 00:29:41,749 - INFO - No new records to add to combined file
2025-04-03 00:29:41,762 - INFO - Combined file saved with 1440 total records
2025-04-03 00:29:41,762 - INFO - Successfully processed 1440 records for 2025-03-29
2025-04-03 00:29:42,763 - INFO - Processing data for 2025-03-28...
2025-04-03 00:29:42,763 - INFO - Attempting to download daily data from: https://data.binance.vision/data/spot/daily/klines/XRPUSDT/1m/XRPUSDT-1m-2025-03-28.zip
2025-04-03 00:29:43,428 - INFO - Downloaded daily data successfully for 2025-03-28
2025-04-03 00:29:43,445 - INFO - Daily data saved to ./data/xrp_binance/xrp_binance_minute_20250328.csv
2025-04-03 00:29:43,451 - INFO - No new records to add to combined file
2025-04-03 00:29:43,464 - INFO - Combined file saved with 1440 total records
2025-04-03 00:29:43,464 - INFO - Successfully processed 1440 records for 2025-03-28
2025-04-03 00:29:44,464 - INFO - Data collection summary: 5 dates successful, 2 dates failed
2025-04-03 00:29:44,465 - INFO - Data collection process completed successfully!
2025-04-03 07:34:05,636 - INFO - Starting XRP data collection process...
2025-04-03 07:34:05,636 - INFO - Found 7 days with missing data: [datetime.date(2025, 4, 3), datetime.date(2025, 4, 2), datetime.date(2025, 4, 1), datetime.date(2025, 3, 31), datetime.date(2025, 3, 30), datetime.date(2025, 3, 29), datetime.date(2025, 3, 28)]
2025-04-03 07:34:05,636 - INFO - Processing data for 2025-04-03...
2025-04-03 07:34:05,636 - INFO - Attempting to download daily data from: https://data.binance.vision/data/spot/daily/klines/XRPUSDT/1m/XRPUSDT-1m-2025-04-03.zip
2025-04-03 07:34:06,193 - INFO - Daily data file not found (404), trying monthly data...
2025-04-03 07:34:06,193 - INFO - Attempting to download monthly data from: https://data.binance.vision/data/spot/monthly/klines/XRPUSDT/1m/XRPUSDT-1m-2025-04.zip
2025-04-03 07:34:06,660 - WARNING - Error retrieving monthly data: 404 Client Error: Not Found for url: https://data.binance.vision/data/spot/monthly/klines/XRPUSDT/1m/XRPUSDT-1m-2025-04.zip. Retrying (1/3)...
2025-04-03 07:34:10,150 - WARNING - Error retrieving monthly data: 404 Client Error: Not Found for url: https://data.binance.vision/data/spot/monthly/klines/XRPUSDT/1m/XRPUSDT-1m-2025-04.zip. Retrying (2/3)...
2025-04-03 07:34:13,629 - ERROR - Maximum retries reached for monthly data. Error: 404 Client Error: Not Found for url: https://data.binance.vision/data/spot/monthly/klines/XRPUSDT/1m/XRPUSDT-1m-2025-04.zip
2025-04-03 07:34:13,630 - WARNING - No data retrieved for 2025-04-03
2025-04-03 07:34:14,631 - INFO - Processing data for 2025-04-02...
2025-04-03 07:34:14,631 - INFO - Attempting to download daily data from: https://data.binance.vision/data/spot/daily/klines/XRPUSDT/1m/XRPUSDT-1m-2025-04-02.zip
2025-04-03 07:34:15,281 - INFO - Downloaded daily data successfully for 2025-04-02
2025-04-03 07:34:15,299 - INFO - Daily data saved to ./data/xrp_binance/xrp_binance_minute_20250402.csv
2025-04-03 07:34:15,304 - INFO - Creating new combined file with 1440 rows
2025-04-03 07:34:15,319 - INFO - Saved combined file with 1440 total rows
2025-04-03 07:34:15,319 - INFO - Successfully processed 1440 records for 2025-04-02
2025-04-03 07:34:16,324 - INFO - Processing data for 2025-04-01...
2025-04-03 07:34:16,324 - INFO - Attempting to download daily data from: https://data.binance.vision/data/spot/daily/klines/XRPUSDT/1m/XRPUSDT-1m-2025-04-01.zip
2025-04-03 07:34:17,036 - INFO - Downloaded daily data successfully for 2025-04-01
2025-04-03 07:34:17,053 - INFO - Daily data saved to ./data/xrp_binance/xrp_binance_minute_20250401.csv
2025-04-03 07:34:17,061 - INFO - Read existing combined file with 1440 rows
2025-04-03 07:34:17,064 - INFO - Combined dataframe has 2880 rows before deduplication
2025-04-03 07:34:17,109 - INFO - Saved combined file with 2880 total rows
2025-04-03 07:34:17,109 - INFO - Successfully processed 1440 records for 2025-04-01
2025-04-03 07:34:18,110 - INFO - Processing data for 2025-03-31...
2025-04-03 07:34:18,110 - INFO - Attempting to download daily data from: https://data.binance.vision/data/spot/daily/klines/XRPUSDT/1m/XRPUSDT-1m-2025-03-31.zip
2025-04-03 07:34:18,751 - INFO - Downloaded daily data successfully for 2025-03-31
2025-04-03 07:34:18,768 - INFO - Daily data saved to ./data/xrp_binance/xrp_binance_minute_20250331.csv
2025-04-03 07:34:18,777 - INFO - Read existing combined file with 2880 rows
2025-04-03 07:34:18,779 - INFO - Combined dataframe has 4320 rows before deduplication
2025-04-03 07:34:18,820 - INFO - Saved combined file with 4320 total rows
2025-04-03 07:34:18,820 - INFO - Successfully processed 1440 records for 2025-03-31
2025-04-03 07:34:19,821 - INFO - Processing data for 2025-03-30...
2025-04-03 07:34:19,821 - INFO - Attempting to download daily data from: https://data.binance.vision/data/spot/daily/klines/XRPUSDT/1m/XRPUSDT-1m-2025-03-30.zip
2025-04-03 07:34:20,432 - INFO - Downloaded daily data successfully for 2025-03-30
2025-04-03 07:34:20,450 - INFO - Daily data saved to ./data/xrp_binance/xrp_binance_minute_20250330.csv
2025-04-03 07:34:20,460 - INFO - Read existing combined file with 4320 rows
2025-04-03 07:34:20,461 - INFO - Combined dataframe has 5760 rows before deduplication
2025-04-03 07:34:20,515 - INFO - Saved combined file with 5760 total rows
2025-04-03 07:34:20,516 - INFO - Successfully processed 1440 records for 2025-03-30
2025-04-03 07:34:21,516 - INFO - Processing data for 2025-03-29...
2025-04-03 07:34:21,516 - INFO - Attempting to download daily data from: https://data.binance.vision/data/spot/daily/klines/XRPUSDT/1m/XRPUSDT-1m-2025-03-29.zip
2025-04-03 07:34:21,845 - INFO - Downloaded daily data successfully for 2025-03-29
2025-04-03 07:34:21,862 - INFO - Daily data saved to ./data/xrp_binance/xrp_binance_minute_20250329.csv
2025-04-03 07:34:21,873 - INFO - Read existing combined file with 5760 rows
2025-04-03 07:34:21,874 - INFO - Combined dataframe has 7200 rows before deduplication
2025-04-03 07:34:21,941 - INFO - Saved combined file with 7200 total rows
2025-04-03 07:34:21,942 - INFO - Successfully processed 1440 records for 2025-03-29
2025-04-03 07:34:22,943 - INFO - Processing data for 2025-03-28...
2025-04-03 07:34:22,943 - INFO - Attempting to download daily data from: https://data.binance.vision/data/spot/daily/klines/XRPUSDT/1m/XRPUSDT-1m-2025-03-28.zip
2025-04-03 07:34:23,605 - INFO - Downloaded daily data successfully for 2025-03-28
2025-04-03 07:34:23,622 - INFO - Daily data saved to ./data/xrp_binance/xrp_binance_minute_20250328.csv
2025-04-03 07:34:23,635 - INFO - Read existing combined file with 7200 rows
2025-04-03 07:34:23,637 - INFO - Combined dataframe has 8640 rows before deduplication
2025-04-03 07:34:23,716 - INFO - Saved combined file with 8640 total rows
2025-04-03 07:34:23,717 - INFO - Successfully processed 1440 records for 2025-03-28
2025-04-03 07:34:24,717 - INFO - Data collection summary: 6 dates successful, 1 dates failed
2025-04-03 07:34:24,732 - INFO - Combined file date counts:
2025-04-03 07:34:24,732 - INFO -   2025-03-28: 1440 records
2025-04-03 07:34:24,732 - INFO -   2025-03-29: 1440 records
2025-04-03 07:34:24,732 - INFO -   2025-03-30: 1440 records
2025-04-03 07:34:24,732 - INFO -   2025-03-31: 1440 records
2025-04-03 07:34:24,732 - INFO -   2025-04-01: 1440 records
2025-04-03 07:34:24,733 - INFO -   2025-04-02: 1440 records
2025-04-03 07:34:24,733 - INFO - Combined file contains data from 2025-03-28 00:00:00 to 2025-04-02 23:59:00
2025-04-03 07:34:24,733 - INFO - Total records in combined file: 8640
2025-04-03 07:34:24,733 - INFO - Data collection process completed!
